<?xml version="1.0" encoding="UTF-8"?>
<testsuite name="Picker Demo" tests="1" skipped="0" failures="0" errors="0" timestamp="2023-04-03T21:44:50" hostname="DESKTOP-BTHGFUF" time="20.692">
  <properties/>
  <testcase name="PickerDemo" classname="Picker Demo" time="20.692"/>
  <system-out><![CDATA[2023-04-03 16:44:59 INFO  InicioSesionSD:37 INICIA LA AUTOMATIZACION
2023-04-03 16:45:09 INFO  InicioSesionSD:50 Realiza la peticion
2023-04-03 16:45:10 INFO  InicioSesionSD:63 CUMPLE
]]></system-out>
  <system-err><![CDATA[]]></system-err>
</testsuite>
