<?xml version="1.0" encoding="UTF-8"?>
<testsuite name="Picker Demo" tests="1" skipped="0" failures="0" errors="0" timestamp="2023-04-03T20:32:32" hostname="DESKTOP-BTHGFUF" time="25.986">
  <properties/>
  <testcase name="PickerDemo" classname="Picker Demo" time="25.986"/>
  <system-out><![CDATA[2023-04-03 15:32:46 INFO  InicioSesionSD:37 INICIA LA AUTOMATIZACION
2023-04-03 15:32:56 INFO  InicioSesionSD:50 Realiza la peticion
2023-04-03 15:32:58 INFO  InicioSesionSD:63 CUMPLE
]]></system-out>
  <system-err><![CDATA[]]></system-err>
</testsuite>
