<?xml version="1.0" encoding="UTF-8"?>
<testsuite name="Iniciar sesion en la aplicacion myApp" tests="1" skipped="0" failures="0" errors="0" timestamp="2023-04-03T21:44:13" hostname="DESKTOP-BTHGFUF" time="20.089">
  <properties/>
  <testcase name="Iniciar sesion" classname="Iniciar sesion en la aplicacion myApp" time="20.089"/>
  <system-out><![CDATA[2023-04-03 16:44:22 INFO  InicioSesionSD:38 INICIA LA AUTOMATIZACION
2023-04-03 16:44:30 INFO  InicioSesionSD:53 Realiza la peticion
2023-04-03 16:44:32 INFO  InicioSesionSD:67 CUMPLE
]]></system-out>
  <system-err><![CDATA[]]></system-err>
</testsuite>
